#
# There is insufficient memory for the Java Runtime Environment to continue.
# Native memory allocation (malloc) failed to allocate 32744 bytes for ChunkPool::allocate
# Possible reasons:
#   The system is out of physical RAM or swap space
#   In 32 bit mode, the process size limit was hit
# Possible solutions:
#   Reduce memory load on the system
#   Increase physical memory or swap space
#   Check if swap backing store is full
#   Use 64 bit Java on a 64 bit OS
#   Decrease Java heap size (-Xmx/-Xms)
#   Decrease number of Java threads
#   Decrease Java thread stack sizes (-Xss)
#   Set larger code cache with -XX:ReservedCodeCacheSize=
# This output file may be truncated or incomplete.
#
#  Out of Memory Error (allocation.cpp:273), pid=5204, tid=0x0000000000001774
#
# JRE version: Java(TM) SE Runtime Environment (8.0_191-b12) (build 1.8.0_191-b12)
# Java VM: Java HotSpot(TM) 64-Bit Server VM (25.191-b12 mixed mode windows-amd64 compressed oops)
# Failed to write core dump. Minidumps are not enabled by default on client versions of Windows
#

---------------  T H R E A D  ---------------

Current thread (0x0000000018f80000):  JavaThread "C1 CompilerThread2" daemon [_thread_in_native, id=6004, stack(0x0000000019290000,0x0000000019390000)]

Stack: [0x0000000019290000,0x0000000019390000]
[error occurred during error reporting (printing stack bounds), id 0xc0000005]

Native frames: (J=compiled Java code, j=interpreted, Vv=VM code, C=native code)


Current CompileTask:
C1:   6297 2146       3       org.springframework.util.ReflectionUtils::lambda$getUniqueDeclaredMethods$2 (149 bytes)


---------------  P R O C E S S  ---------------

Java Threads: ( => current thread )
  0x0000000019888800 JavaThread "restartedMain" [_thread_in_Java, id=3852, stack(0x000000001af70000,0x000000001b070000)]
  0x0000000019887800 JavaThread "Thread-0" [_thread_blocked, id=6088, stack(0x000000001ae70000,0x000000001af70000)]
  0x0000000018f8a000 JavaThread "Service Thread" daemon [_thread_blocked, id=824, stack(0x0000000019b90000,0x0000000019c90000)]
=>0x0000000018f80000 JavaThread "C1 CompilerThread2" daemon [_thread_in_native, id=6004, stack(0x0000000019290000,0x0000000019390000)]
  0x0000000018f7f000 JavaThread "C2 CompilerThread1" daemon [_thread_in_native, id=6000, stack(0x0000000019190000,0x0000000019290000)]
  0x0000000018f17000 JavaThread "C2 CompilerThread0" daemon [_thread_in_native, id=8096, stack(0x0000000019090000,0x0000000019190000)]
  0x0000000018f18800 JavaThread "Monitor Ctrl-Break" daemon [_thread_in_native, id=4508, stack(0x0000000018f90000,0x0000000019090000)]
  0x000000001754e800 JavaThread "Attach Listener" daemon [_thread_blocked, id=5812, stack(0x0000000018a90000,0x0000000018b90000)]
  0x000000001754d000 JavaThread "Signal Dispatcher" daemon [_thread_blocked, id=8156, stack(0x0000000018990000,0x0000000018a90000)]
  0x000000001752d000 JavaThread "Finalizer" daemon [_thread_blocked, id=7464, stack(0x0000000018790000,0x0000000018890000)]
  0x00000000029d7000 JavaThread "Reference Handler" daemon [_thread_blocked, id=5632, stack(0x0000000018690000,0x0000000018790000)]
  0x00000000028e7000 JavaThread "main" [_thread_blocked, id=5620, stack(0x0000000002620000,0x0000000002720000)]

Other Threads:
  0x0000000017507000 VMThread [stack: 0x0000000018590000,0x0000000018690000] [id=6596]
  0x0000000019428800 WatcherThread [stack: 0x0000000019c90000,0x0000000019d90000] [id=4876]

VM state:not at safepoint (normal execution)

VM Mutex/Monitor currently owned by a thread: None

Heap:
 PSYoungGen      total 71680K, used 10502K [0x00000000d5d00000, 0x00000000de600000, 0x0000000100000000)
  eden space 66560K, 8% used [0x00000000d5d00000,0x00000000d626f1c0,0x00000000d9e00000)
  from space 5120K, 96% used [0x00000000d9e00000,0x00000000da2d2850,0x00000000da300000)
  to   space 9216K, 0% used [0x00000000ddd00000,0x00000000ddd00000,0x00000000de600000)
 ParOldGen       total 46592K, used 5062K [0x0000000081600000, 0x0000000084380000, 0x00000000d5d00000)
  object space 46592K, 10% used [0x0000000081600000,0x0000000081af18c8,0x0000000084380000)
 Metaspace       used 23604K, capacity 24464K, committed 24576K, reserved 1071104K
  class space    used 3018K, capacity 3227K, committed 3328K, reserved 1048576K

Card table byte_map: [0x0000000011da0000,0x00000000121a0000] byte_map_base: 0x0000000011995000

Marking Bits: (ParMarkBitMap*) 0x0000000058173e30
 Begin Bits: [0x0000000012850000, 0x00000000147f8000)
 End Bits:   [0x00000000147f8000, 0x00000000167a0000)

Polling page: 0x0000000002420000

CodeCache: size=245760Kb used=7078Kb max_used=7078Kb free=238681Kb
 bounds [0x00000000029e0000, 0x00000000030d0000, 0x00000000119e0000]
 total_blobs=2514 nmethods=2140 adapters=285
 compilation: enabled

Compilation events (10 events):
Event: 6.212 Thread 0x0000000018f80000 nmethod 2141 0x00000000030cabd0 code [0x00000000030cad40, 0x00000000030cb038]
Event: 6.212 Thread 0x0000000018f80000 2142       3       org.springframework.core.annotation.TypeMappedAnnotation::getMetaTypes (8 bytes)
Event: 6.212 Thread 0x0000000018f80000 nmethod 2142 0x00000000030cb150 code [0x00000000030cb2a0, 0x00000000030cb490]
Event: 6.212 Thread 0x0000000018f80000 2143       3       org.springframework.core.annotation.MergedAnnotationCollectors$$Lambda$206/1062797070::accept (16 bytes)
Event: 6.213 Thread 0x0000000018f80000 nmethod 2143 0x00000000030cb550 code [0x00000000030cb740, 0x00000000030cc138]
Event: 6.213 Thread 0x0000000018f80000 2144       3       org.springframework.core.annotation.MergedAnnotationCollectors::lambda$toMultiValueMap$4 (24 bytes)
Event: 6.214 Thread 0x0000000018f80000 nmethod 2144 0x00000000030cc610 code [0x00000000030cc7e0, 0x00000000030ccf38]
Event: 6.215 Thread 0x0000000018f80000 2145       1       org.springframework.beans.factory.support.AbstractBeanDefinition::getScope (5 bytes)
Event: 6.215 Thread 0x0000000018f80000 nmethod 2145 0x00000000030cd2d0 code [0x00000000030cd420, 0x00000000030cd530]
Event: 6.275 Thread 0x0000000018f80000 2146       3       org.springframework.util.ReflectionUtils::lambda$getUniqueDeclaredMethods$2 (149 bytes)

GC Heap History (10 events):
Event: 2.993 GC heap before
{Heap before GC invocations=4 (full 0):
 PSYoungGen      total 38400K, used 38332K [0x00000000d5d00000, 0x00000000da800000, 0x0000000100000000)
  eden space 33280K, 100% used [0x00000000d5d00000,0x00000000d7d80000,0x00000000d7d80000)
  from space 5120K, 98% used [0x00000000d7d80000,0x00000000d826f350,0x00000000d8280000)
  to   space 5120K, 0% used [0x00000000da300000,0x00000000da300000,0x00000000da800000)
 ParOldGen       total 87552K, used 24K [0x0000000081600000, 0x0000000086b80000, 0x00000000d5d00000)
  object space 87552K, 0% used [0x0000000081600000,0x0000000081606000,0x0000000086b80000)
 Metaspace       used 13923K, capacity 14468K, committed 14592K, reserved 1062912K
  class space    used 1787K, capacity 1935K, committed 2048K, reserved 1048576K
Event: 3.005 GC heap after
Heap after GC invocations=4 (full 0):
 PSYoungGen      total 71680K, used 5024K [0x00000000d5d00000, 0x00000000da800000, 0x0000000100000000)
  eden space 66560K, 0% used [0x00000000d5d00000,0x00000000d5d00000,0x00000000d9e00000)
  from space 5120K, 98% used [0x00000000da300000,0x00000000da7e8228,0x00000000da800000)
  to   space 5120K, 0% used [0x00000000d9e00000,0x00000000d9e00000,0x00000000da300000)
 ParOldGen       total 87552K, used 32K [0x0000000081600000, 0x0000000086b80000, 0x00000000d5d00000)
  object space 87552K, 0% used [0x0000000081600000,0x0000000081608000,0x0000000086b80000)
 Metaspace       used 13923K, capacity 14468K, committed 14592K, reserved 1062912K
  class space    used 1787K, capacity 1935K, committed 2048K, reserved 1048576K
}
Event: 4.351 GC heap before
{Heap before GC invocations=5 (full 0):
 PSYoungGen      total 71680K, used 71584K [0x00000000d5d00000, 0x00000000da800000, 0x0000000100000000)
  eden space 66560K, 100% used [0x00000000d5d00000,0x00000000d9e00000,0x00000000d9e00000)
  from space 5120K, 98% used [0x00000000da300000,0x00000000da7e8228,0x00000000da800000)
  to   space 5120K, 0% used [0x00000000d9e00000,0x00000000d9e00000,0x00000000da300000)
 ParOldGen       total 87552K, used 32K [0x0000000081600000, 0x0000000086b80000, 0x00000000d5d00000)
  object space 87552K, 0% used [0x0000000081600000,0x0000000081608000,0x0000000086b80000)
 Metaspace       used 20385K, capacity 21080K, committed 21248K, reserved 1067008K
  class space    used 2594K, capacity 2753K, committed 2816K, reserved 1048576K
Event: 4.422 GC heap after
Heap after GC invocations=5 (full 0):
 PSYoungGen      total 71680K, used 5109K [0x00000000d5d00000, 0x00000000da800000, 0x0000000100000000)
  eden space 66560K, 0% used [0x00000000d5d00000,0x00000000d5d00000,0x00000000d9e00000)
  from space 5120K, 99% used [0x00000000d9e00000,0x00000000da2fd578,0x00000000da300000)
  to   space 5120K, 0% used [0x00000000da300000,0x00000000da300000,0x00000000da800000)
 ParOldGen       total 87552K, used 5268K [0x0000000081600000, 0x0000000086b80000, 0x00000000d5d00000)
  object space 87552K, 6% used [0x0000000081600000,0x0000000081b25328,0x0000000086b80000)
 Metaspace       used 20385K, capacity 21080K, committed 21248K, reserved 1067008K
  class space    used 2594K, capacity 2753K, committed 2816K, reserved 1048576K
}
Event: 4.461 GC heap before
{Heap before GC invocations=6 (full 0):
 PSYoungGen      total 71680K, used 43375K [0x00000000d5d00000, 0x00000000da800000, 0x0000000100000000)
  eden space 66560K, 57% used [0x00000000d5d00000,0x00000000d825e8d8,0x00000000d9e00000)
  from space 5120K, 99% used [0x00000000d9e00000,0x00000000da2fd578,0x00000000da300000)
  to   space 5120K, 0% used [0x00000000da300000,0x00000000da300000,0x00000000da800000)
 ParOldGen       total 87552K, used 5268K [0x0000000081600000, 0x0000000086b80000, 0x00000000d5d00000)
  object space 87552K, 6% used [0x0000000081600000,0x0000000081b25328,0x0000000086b80000)
 Metaspace       used 20511K, capacity 21176K, committed 21248K, reserved 1067008K
  class space    used 2613K, capacity 2785K, committed 2816K, reserved 1048576K
Event: 4.475 GC heap after
Heap after GC invocations=6 (full 0):
 PSYoungGen      total 71680K, used 5114K [0x00000000d5d00000, 0x00000000da800000, 0x0000000100000000)
  eden space 66560K, 0% used [0x00000000d5d00000,0x00000000d5d00000,0x00000000d9e00000)
  from space 5120K, 99% used [0x00000000da300000,0x00000000da7fe8c0,0x00000000da800000)
  to   space 5120K, 0% used [0x00000000d9e00000,0x00000000d9e00000,0x00000000da300000)
 ParOldGen       total 87552K, used 5276K [0x0000000081600000, 0x0000000086b80000, 0x00000000d5d00000)
  object space 87552K, 6% used [0x0000000081600000,0x0000000081b27328,0x0000000086b80000)
 Metaspace       used 20511K, capacity 21176K, committed 21248K, reserved 1067008K
  class space    used 2613K, capacity 2785K, committed 2816K, reserved 1048576K
}
Event: 4.475 GC heap before
{Heap before GC invocations=7 (full 1):
 PSYoungGen      total 71680K, used 5114K [0x00000000d5d00000, 0x00000000da800000, 0x0000000100000000)
  eden space 66560K, 0% used [0x00000000d5d00000,0x00000000d5d00000,0x00000000d9e00000)
  from space 5120K, 99% used [0x00000000da300000,0x00000000da7fe8c0,0x00000000da800000)
  to   space 5120K, 0% used [0x00000000d9e00000,0x00000000d9e00000,0x00000000da300000)
 ParOldGen       total 87552K, used 5276K [0x0000000081600000, 0x0000000086b80000, 0x00000000d5d00000)
  object space 87552K, 6% used [0x0000000081600000,0x0000000081b27328,0x0000000086b80000)
 Metaspace       used 20511K, capacity 21176K, committed 21248K, reserved 1067008K
  class space    used 2613K, capacity 2785K, committed 2816K, reserved 1048576K
Event: 4.546 GC heap after
Heap after GC invocations=7 (full 1):
 PSYoungGen      total 71680K, used 0K [0x00000000d5d00000, 0x00000000da800000, 0x0000000100000000)
  eden space 66560K, 0% used [0x00000000d5d00000,0x00000000d5d00000,0x00000000d9e00000)
  from space 5120K, 0% used [0x00000000da300000,0x00000000da300000,0x00000000da800000)
  to   space 5120K, 0% used [0x00000000d9e00000,0x00000000d9e00000,0x00000000da300000)
 ParOldGen       total 46592K, used 5054K [0x0000000081600000, 0x0000000084380000, 0x00000000d5d00000)
  object space 46592K, 10% used [0x0000000081600000,0x0000000081aef8c8,0x0000000084380000)
 Metaspace       used 20511K, capacity 21176K, committed 21248K, reserved 1067008K
  class space    used 2613K, capacity 2785K, committed 2816K, reserved 1048576K
}
Event: 6.190 GC heap before
{Heap before GC invocations=8 (full 1):
 PSYoungGen      total 71680K, used 66560K [0x00000000d5d00000, 0x00000000da800000, 0x0000000100000000)
  eden space 66560K, 100% used [0x00000000d5d00000,0x00000000d9e00000,0x00000000d9e00000)
  from space 5120K, 0% used [0x00000000da300000,0x00000000da300000,0x00000000da800000)
  to   space 5120K, 0% used [0x00000000d9e00000,0x00000000d9e00000,0x00000000da300000)
 ParOldGen       total 46592K, used 5054K [0x0000000081600000, 0x0000000084380000, 0x00000000d5d00000)
  object space 46592K, 10% used [0x0000000081600000,0x0000000081aef8c8,0x0000000084380000)
 Metaspace       used 23234K, capacity 24160K, committed 24192K, reserved 1071104K
  class space    used 2972K, capacity 3193K, committed 3200K, reserved 1048576K
Event: 6.196 GC heap after
Heap after GC invocations=8 (full 1):
 PSYoungGen      total 71680K, used 4938K [0x00000000d5d00000, 0x00000000de600000, 0x0000000100000000)
  eden space 66560K, 0% used [0x00000000d5d00000,0x00000000d5d00000,0x00000000d9e00000)
  from space 5120K, 96% used [0x00000000d9e00000,0x00000000da2d2850,0x00000000da300000)
  to   space 9216K, 0% used [0x00000000ddd00000,0x00000000ddd00000,0x00000000de600000)
 ParOldGen       total 46592K, used 5062K [0x0000000081600000, 0x0000000084380000, 0x00000000d5d00000)
  object space 46592K, 10% used [0x0000000081600000,0x0000000081af18c8,0x0000000084380000)
 Metaspace       used 23234K, capacity 24160K, committed 24192K, reserved 1071104K
  class space    used 2972K, capacity 3193K, committed 3200K, reserved 1048576K
}

Deoptimization events (10 events):
Event: 3.264 Thread 0x0000000019888800 Uncommon trap: reason=unstable_if action=reinterpret pc=0x0000000002c7f7bc method=java.util.HashMap.getNode(ILjava/lang/Object;)Ljava/util/HashMap$Node; @ 129
Event: 3.506 Thread 0x0000000019888800 Uncommon trap: reason=class_check action=maybe_recompile pc=0x0000000002be1de0 method=java.lang.String.equals(Ljava/lang/Object;)Z @ 8
Event: 3.557 Thread 0x0000000019888800 Uncommon trap: reason=unstable_if action=reinterpret pc=0x0000000002d338a8 method=java.util.HashMap.hash(Ljava/lang/Object;)I @ 1
Event: 3.614 Thread 0x0000000019888800 Uncommon trap: reason=class_check action=maybe_recompile pc=0x0000000002be1de0 method=java.lang.String.equals(Ljava/lang/Object;)Z @ 8
Event: 3.614 Thread 0x0000000019888800 Uncommon trap: reason=class_check action=maybe_recompile pc=0x0000000002be1de0 method=java.lang.String.equals(Ljava/lang/Object;)Z @ 8
Event: 3.614 Thread 0x0000000019888800 Uncommon trap: reason=class_check action=maybe_recompile pc=0x0000000002be1de0 method=java.lang.String.equals(Ljava/lang/Object;)Z @ 8
Event: 3.775 Thread 0x0000000019888800 Uncommon trap: reason=unstable_if action=reinterpret pc=0x0000000002e00410 method=java.util.concurrent.ConcurrentHashMap.putVal(Ljava/lang/Object;Ljava/lang/Object;Z)Ljava/lang/Object; @ 206
Event: 4.068 Thread 0x0000000019888800 Uncommon trap: reason=unstable_if action=reinterpret pc=0x0000000002cac510 method=java.io.WinNTFileSystem.normalize(Ljava/lang/String;)Ljava/lang/String; @ 128
Event: 4.873 Thread 0x0000000018ef6000 Uncommon trap: reason=unstable_if action=reinterpret pc=0x0000000002de6ea8 method=jdk.internal.org.objectweb.asm.Type.getArgumentsAndReturnSizes(Ljava/lang/String;)I @ 47
Event: 6.033 Thread 0x0000000019888800 Uncommon trap: reason=unstable_if action=reinterpret pc=0x0000000003069c68 method=org.springframework.core.annotation.MergedAnnotationsCollection.isMappingForType(Lorg/springframework/core/annotation/AnnotationTypeMapping;Ljava/lang/Object;)Z @ 13

Classes redefined (0 events):
No events

Internal exceptions (10 events):
Event: 3.961 Thread 0x0000000019888800 Exception <a 'java/lang/ClassNotFoundException': org/springframework/beans/factory/AwareCustomizer> (0x00000000d8e23768) thrown at [C:\re\workspace\8-2-build-windows-amd64-cygwin\jdk8u191\11896\hotspot\src\share\vm\classfile\systemDictionary.cpp, line 210
Event: 3.962 Thread 0x0000000019888800 Exception <a 'java/lang/ClassNotFoundException': org/springframework/beans/factory/BeanClassLoaderAwareCustomizer> (0x00000000d8e3d320) thrown at [C:\re\workspace\8-2-build-windows-amd64-cygwin\jdk8u191\11896\hotspot\src\share\vm\classfile\systemDictionar
Event: 3.963 Thread 0x0000000019888800 Exception <a 'java/lang/ClassNotFoundException': org/springframework/beans/factory/AwareCustomizer> (0x00000000d8e53ad0) thrown at [C:\re\workspace\8-2-build-windows-amd64-cygwin\jdk8u191\11896\hotspot\src\share\vm\classfile\systemDictionary.cpp, line 210
Event: 3.998 Thread 0x0000000019888800 Exception <a 'java/lang/ClassNotFoundException': org/springframework/context/EnvironmentAwareCustomizer> (0x00000000d8e6a728) thrown at [C:\re\workspace\8-2-build-windows-amd64-cygwin\jdk8u191\11896\hotspot\src\share\vm\classfile\systemDictionary.cpp, lin
Event: 4.001 Thread 0x0000000019888800 Exception <a 'java/lang/ClassNotFoundException': org/springframework/beans/factory/AwareCustomizer> (0x00000000d8e80db8) thrown at [C:\re\workspace\8-2-build-windows-amd64-cygwin\jdk8u191\11896\hotspot\src\share\vm\classfile\systemDictionary.cpp, line 210
Event: 4.075 Thread 0x0000000019888800 Exception <a 'java/lang/NoSuchMethodError': java.lang.Object.lambda$comparing$77a9974f$1(Ljava/util/function/Function;Ljava/lang/Object;Ljava/lang/Object;)I> (0x00000000d9270638) thrown at [C:\re\workspace\8-2-build-windows-amd64-cygwin\jdk8u191\11896\hot
Event: 4.775 Thread 0x0000000019888800 Exception <a 'java/lang/IncompatibleClassChangeError': Found class java.lang.Object, but interface was expected> (0x00000000d6b5e400) thrown at [C:\re\workspace\8-2-build-windows-amd64-cygwin\jdk8u191\11896\hotspot\src\share\vm\interpreter\linkResolver.cp
Event: 4.889 Thread 0x0000000018ef6000 Exception <a 'java/lang/IncompatibleClassChangeError': Found class java.lang.Object, but interface was expected> (0x00000000d6e65ec0) thrown at [C:\re\workspace\8-2-build-windows-amd64-cygwin\jdk8u191\11896\hotspot\src\share\vm\interpreter\linkResolver.cp
Event: 4.926 Thread 0x0000000019888800 Exception <a 'java/lang/NoSuchMethodError': java.lang.Object.lambda$getAllAnnotationAttributes$0(Lorg/springframework/util/MultiValueMap;)Lorg/springframework/util/MultiValueMap;> (0x00000000d6fa1490) thrown at [C:\re\workspace\8-2-build-windows-amd64-cyg
Event: 4.928 Thread 0x0000000019888800 Exception <a 'java/lang/NoSuchMethodError': java.lang.Object.lambda$identity$2(Ljava/lang/Object;)Ljava/lang/Object;> (0x00000000d6fba760) thrown at [C:\re\workspace\8-2-build-windows-amd64-cygwin\jdk8u191\11896\hotspot\src\share\vm\interpreter\linkResolv

Events (10 events):
Event: 6.262 loading class org/springframework/web/method/support/CompositeUriComponentsContributor
Event: 6.262 loading class org/springframework/web/method/support/CompositeUriComponentsContributor done
Event: 6.263 loading class org/springframework/web/method/support/UriComponentsContributor
Event: 6.263 loading class org/springframework/web/method/support/UriComponentsContributor done
Event: 6.268 loading class org/springframework/web/servlet/mvc/SimpleControllerHandlerAdapter
Event: 6.268 loading class org/springframework/web/servlet/mvc/SimpleControllerHandlerAdapter done
Event: 6.272 loading class org/springframework/web/servlet/function/support/RouterFunctionMapping
Event: 6.272 loading class org/springframework/web/servlet/function/support/RouterFunctionMapping done
Event: 6.273 loading class org/springframework/web/servlet/mvc/HttpRequestHandlerAdapter
Event: 6.273 loading class org/springframework/web/servlet/mvc/HttpRequestHandlerAdapter done


Dynamic libraries:
0x00007ff6ef130000 - 0x00007ff6ef167000 	C:\Program Files\Java\jdk1.8.0_191\bin\java.exe
0x00007fff54560000 - 0x00007fff5470d000 	C:\Windows\SYSTEM32\ntdll.dll
0x00007fff53ca0000 - 0x00007fff53dde000 	C:\Windows\system32\KERNEL32.DLL
0x00007fff51ad0000 - 0x00007fff51be6000 	C:\Windows\system32\KERNELBASE.dll
0x00007fff50030000 - 0x00007fff500be000 	C:\Windows\system32\apphelp.dll
0x00007fff3c2d0000 - 0x00007fff3c323000 	C:\Windows\AppPatch\AppPatch64\AcGenral.DLL
0x00007fff53580000 - 0x00007fff5362a000 	C:\Windows\system32\msvcrt.dll
0x00007fff51a50000 - 0x00007fff51a7e000 	C:\Windows\system32\SspiCli.dll
0x00007fff53450000 - 0x00007fff534a4000 	C:\Windows\system32\SHLWAPI.dll
0x00007fff539c0000 - 0x00007fff53b37000 	C:\Windows\system32\USER32.dll
0x00007fff51cc0000 - 0x00007fff51e54000 	C:\Windows\system32\ole32.dll
0x00007fff51f20000 - 0x00007fff5344c000 	C:\Windows\system32\SHELL32.dll
0x00007fff50c50000 - 0x00007fff50c71000 	C:\Windows\SYSTEM32\USERENV.dll
0x00007fff51e70000 - 0x00007fff51f1a000 	C:\Windows\system32\ADVAPI32.dll
0x00007fff43390000 - 0x00007fff433ae000 	C:\Windows\SYSTEM32\MPR.dll
0x00007fff54230000 - 0x00007fff54370000 	C:\Windows\system32\RPCRT4.dll
0x00007fff53710000 - 0x00007fff53769000 	C:\Windows\SYSTEM32\sechost.dll
0x00007fff53de0000 - 0x00007fff53ff2000 	C:\Windows\SYSTEM32\combase.dll
0x00007fff540d0000 - 0x00007fff5421b000 	C:\Windows\system32\GDI32.dll
0x00007fff51690000 - 0x00007fff516a5000 	C:\Windows\SYSTEM32\profapi.dll
0x00007fff4f6f0000 - 0x00007fff4f7a2000 	C:\Windows\SYSTEM32\SHCORE.dll
0x00007fff54370000 - 0x00007fff543a6000 	C:\Windows\system32\IMM32.DLL
0x00007fff53b40000 - 0x00007fff53c91000 	C:\Windows\system32\MSCTF.dll
0x00007fff4ea50000 - 0x00007fff4eccb000 	C:\Windows\WinSxS\amd64_microsoft.windows.common-controls_6595b64144ccf1df_6.0.9600.18006_none_623f33d3ecbe86e8\COMCTL32.dll
0x0000000058200000 - 0x00000000582d2000 	C:\Program Files\Java\jdk1.8.0_191\jre\bin\msvcr100.dll
0x0000000057950000 - 0x00000000581f4000 	C:\Program Files\Java\jdk1.8.0_191\jre\bin\server\jvm.dll
0x00007fff4bcc0000 - 0x00007fff4bcc9000 	C:\Windows\SYSTEM32\WSOCK32.dll
0x00007fff43350000 - 0x00007fff43372000 	C:\Windows\SYSTEM32\WINMM.dll
0x00007fff4e5a0000 - 0x00007fff4e5aa000 	C:\Windows\SYSTEM32\VERSION.dll
0x00007fff534b0000 - 0x00007fff534b7000 	C:\Windows\system32\PSAPI.DLL
0x00007fff53770000 - 0x00007fff537ca000 	C:\Windows\system32\WS2_32.dll
0x00007fff43320000 - 0x00007fff4334a000 	C:\Windows\SYSTEM32\WINMMBASE.dll
0x00007fff51e60000 - 0x00007fff51e69000 	C:\Windows\system32\NSI.dll
0x00007fff51a80000 - 0x00007fff51acf000 	C:\Windows\SYSTEM32\cfgmgr32.dll
0x00007fff504a0000 - 0x00007fff504c8000 	C:\Windows\SYSTEM32\DEVOBJ.dll
0x0000000057940000 - 0x000000005794f000 	C:\Program Files\Java\jdk1.8.0_191\jre\bin\verify.dll
0x0000000057910000 - 0x0000000057939000 	C:\Program Files\Java\jdk1.8.0_191\jre\bin\java.dll
0x00000000578e0000 - 0x0000000057903000 	C:\Program Files\Java\jdk1.8.0_191\jre\bin\instrument.dll
0x00000000578c0000 - 0x00000000578d6000 	C:\Program Files\Java\jdk1.8.0_191\jre\bin\zip.dll
0x00007fff42550000 - 0x00007fff4256a000 	C:\Program Files\JetBrains\IntelliJ IDEA Community Edition 2019.2.2\bin\breakgen64.dll
0x00000000578a0000 - 0x00000000578ba000 	C:\Program Files\Java\jdk1.8.0_191\jre\bin\net.dll
0x00007fff50f20000 - 0x00007fff50f79000 	C:\Windows\system32\mswsock.dll
0x0000000057870000 - 0x000000005787d000 	C:\Program Files\Java\jdk1.8.0_191\jre\bin\management.dll
0x00007fff43af0000 - 0x00007fff43b05000 	C:\Windows\system32\napinsp.dll
0x00007fff43b10000 - 0x00007fff43b2a000 	C:\Windows\system32\pnrpnsp.dll
0x00007fff4fe10000 - 0x00007fff4fe2b000 	C:\Windows\system32\NLAapi.dll
0x00007fff50d20000 - 0x00007fff50dc4000 	C:\Windows\SYSTEM32\DNSAPI.dll
0x00007fff43b30000 - 0x00007fff43b3d000 	C:\Windows\System32\winrnr.dll
0x00007fff44200000 - 0x00007fff4420a000 	C:\Windows\System32\rasadhlp.dll
0x00007fff4bc90000 - 0x00007fff4bcba000 	C:\Windows\SYSTEM32\IPHLPAPI.DLL
0x00007fff4bc80000 - 0x00007fff4bc8a000 	C:\Windows\SYSTEM32\WINNSI.DLL
0x00007fff4b0c0000 - 0x00007fff4b12b000 	C:\Windows\System32\fwpuclnt.dll
0x0000000057880000 - 0x0000000057891000 	C:\Program Files\Java\jdk1.8.0_191\jre\bin\nio.dll

VM Arguments:
jvm_args: -javaagent:C:\Program Files\JetBrains\IntelliJ IDEA Community Edition 2019.2.2\lib\idea_rt.jar=55314:C:\Program Files\JetBrains\IntelliJ IDEA Community Edition 2019.2.2\bin -Dfile.encoding=UTF-8 
java_command: com.jerome.applicationachat.ApplicationAchatApplication
java_class_path (initial): C:\Program Files\Java\jdk1.8.0_191\jre\lib\charsets.jar;C:\Program Files\Java\jdk1.8.0_191\jre\lib\deploy.jar;C:\Program Files\Java\jdk1.8.0_191\jre\lib\ext\access-bridge-64.jar;C:\Program Files\Java\jdk1.8.0_191\jre\lib\ext\cldrdata.jar;C:\Program Files\Java\jdk1.8.0_191\jre\lib\ext\dnsns.jar;C:\Program Files\Java\jdk1.8.0_191\jre\lib\ext\jaccess.jar;C:\Program Files\Java\jdk1.8.0_191\jre\lib\ext\jfxrt.jar;C:\Program Files\Java\jdk1.8.0_191\jre\lib\ext\localedata.jar;C:\Program Files\Java\jdk1.8.0_191\jre\lib\ext\nashorn.jar;C:\Program Files\Java\jdk1.8.0_191\jre\lib\ext\sunec.jar;C:\Program Files\Java\jdk1.8.0_191\jre\lib\ext\sunjce_provider.jar;C:\Program Files\Java\jdk1.8.0_191\jre\lib\ext\sunmscapi.jar;C:\Program Files\Java\jdk1.8.0_191\jre\lib\ext\sunpkcs11.jar;C:\Program Files\Java\jdk1.8.0_191\jre\lib\ext\zipfs.jar;C:\Program Files\Java\jdk1.8.0_191\jre\lib\javaws.jar;C:\Program Files\Java\jdk1.8.0_191\jre\lib\jce.jar;C:\Program Files\Java\jdk1.8.0_191\jre\lib\jfr.jar;C:\Program Files\Java\jdk1.8.0_191\jre\lib\jfxswt.jar;C:\Program Files\Java\jdk1.8.0_191\jre\lib\jsse.jar;C:\Program Files\Java\jdk1.8.0_191\jre\lib\management-agent.jar;C:\Program Files\Java\jdk1.8.0_191\jre\lib\plugin.jar;C:\Program Files\Java\jdk1.8.0_191\jre\lib\resources.jar;C:\Program Files\Java\jdk1.8.0_191\jre\lib\rt.jar;C:\Users\dongm_000\Desktop\formation Generale\Java\application-achat\target\classes;C:\Users\dongm_000\.m2\repository\org\springframework\boot\spring-boot-starter-data-jpa\2.2.5.RELEASE\spring-boot-starter-data-jpa-2.2.5.RELEASE.jar;C:\Users\dongm_000\.m2\repository\org\springframework\boot\spring-boot-starter-aop\2.2.5.RELEASE\spring-boot-starter-aop-2.2.5.RELEASE.jar;C:\Users\dongm_000\.m2\repository\org\springframework\spring-aop\5.2.4.RELEASE\spring-aop-5.2.4.RELEASE.jar;C:\Users\dongm_000\.m2\repository\org\aspectj\aspectjweaver\1.9.5\aspectjweaver-1.9.5.jar;C:\Users\dongm_000\.m2\repository\org\springframework\boot\spring-boot-starter-
Launcher Type: SUN_STANDARD

Environment Variables:
PATH=C:\Program Files (x86)\Common Files\Oracle\Java\javapath;C:\ProgramData\Oracle\Java\javapath;C:\Windows\system32;C:\Windows;C:\Windows\System32\Wbem;C:\Windows\System32\WindowsPowerShell\v1.0\;C:\Users\dongm_000\Desktop\apache-maven-3.0.5-bin\apache-maven-3.0.5\bin;C:\Program Files\Java\jdk1.8.0_191\bin;C:\Program Files\dotnet\;C:\Program Files (x86)\Yarn\bin\;C:\Program Files\Git\cmd;C:\Program Files\nodejs\;C:\Program Files (x86)\Common Files\Oracle\Java\javapath;C:\ProgramData\Oracle\Java\javapath;C:\Windows\system32;C:\Windows;C:\Windows\System32\Wbem;C:\Windows\System32\WindowsPowerShell\v1.0\;C:\Users\dongm_000\Desktop\apache-maven-3.0.5-bin\apache-maven-3.0.5\bin;C:\Program Files\nodejs\;C:\Program Files\Java\jdk1.8.0_191\bin;C:\Program Files\dotnet\;C:\Program Files\Microsoft SQL Server\130\Tools\Binn\;C:\Program Files (x86)\Microsoft VS Code\bin;C:\Program Files (x86)\Yarn\bin\;C:\Program Files\Git\cmd;C:\Users\dongm_000\AppData\Local\Yarn\bin;C:\Users\dongm_000\AppData\Roaming\npm
USERNAME=jerome
OS=Windows_NT
PROCESSOR_IDENTIFIER=Intel64 Family 6 Model 69 Stepping 1, GenuineIntel



---------------  S Y S T E M  ---------------

OS: Windows 8.1 , 64 bit Build 9600 (6.3.9600.17415)

CPU:total 4 (initial active 4) (2 cores per cpu, 2 threads per core) family 6 model 69 stepping 1, cmov, cx8, fxsr, mmx, sse, sse2, sse3, ssse3, sse4.1, sse4.2, popcnt, avx, avx2, aes, clmul, erms, lzcnt, ht, tsc, tscinvbit, bmi1, bmi2

Memory: 4k page, physical 8290328k(1773600k free), swap 8814616k(5132k free)

vm_info: Java HotSpot(TM) 64-Bit Server VM (25.191-b12) for windows-amd64 JRE (1.8.0_191-b12), built on Oct  6 2018 09:29:03 by "java_re" with MS VC++ 10.0 (VS2010)

time: Mon Mar 23 21:31:36 2020
elapsed time: 6 seconds (0d 0h 0m 6s)

