#
# There is insufficient memory for the Java Runtime Environment to continue.
# Native memory allocation (malloc) failed to allocate 2032256 bytes for Chunk::new
# Possible reasons:
#   The system is out of physical RAM or swap space
#   In 32 bit mode, the process size limit was hit
# Possible solutions:
#   Reduce memory load on the system
#   Increase physical memory or swap space
#   Check if swap backing store is full
#   Use 64 bit Java on a 64 bit OS
#   Decrease Java heap size (-Xmx/-Xms)
#   Decrease number of Java threads
#   Decrease Java thread stack sizes (-Xss)
#   Set larger code cache with -XX:ReservedCodeCacheSize=
# This output file may be truncated or incomplete.
#
#  Out of Memory Error (allocation.cpp:390), pid=7432, tid=0x00000000000020d0
#
# JRE version: Java(TM) SE Runtime Environment (8.0_191-b12) (build 1.8.0_191-b12)
# Java VM: Java HotSpot(TM) 64-Bit Server VM (25.191-b12 mixed mode windows-amd64 compressed oops)
# Failed to write core dump. Minidumps are not enabled by default on client versions of Windows
#

---------------  T H R E A D  ---------------

Current thread (0x0000000018d82000):  JavaThread "C2 CompilerThread1" daemon [_thread_in_native, id=8400, stack(0x0000000018fa0000,0x00000000190a0000)]

Stack: [0x0000000018fa0000,0x00000000190a0000]
[error occurred during error reporting (printing stack bounds), id 0xc0000005]

Native frames: (J=compiled Java code, j=interpreted, Vv=VM code, C=native code)


Current CompileTask:
C2:  50582 4665       4       java.net.URLClassLoader$1::run (5 bytes)


---------------  P R O C E S S  ---------------

Java Threads: ( => current thread )
  0x0000000019283800 JavaThread "DestroyJavaVM" [_thread_blocked, id=6980, stack(0x0000000002430000,0x0000000002530000)]
  0x0000000019286800 JavaThread "http-nio-8090-Acceptor" daemon [_thread_in_native, id=2988, stack(0x00000000232b0000,0x00000000233b0000)]
  0x0000000019285000 JavaThread "http-nio-8090-ClientPoller" daemon [_thread_in_native, id=8656, stack(0x00000000231b0000,0x00000000232b0000)]
  0x000000001e833800 JavaThread "http-nio-8090-exec-10" daemon [_thread_blocked, id=564, stack(0x00000000230b0000,0x00000000231b0000)]
  0x000000001e833000 JavaThread "http-nio-8090-exec-9" daemon [_thread_blocked, id=8852, stack(0x0000000022fb0000,0x00000000230b0000)]
  0x000000001e832000 JavaThread "http-nio-8090-exec-8" daemon [_thread_blocked, id=6380, stack(0x0000000022eb0000,0x0000000022fb0000)]
  0x000000001e834800 JavaThread "http-nio-8090-exec-7" daemon [_thread_blocked, id=5384, stack(0x0000000022db0000,0x0000000022eb0000)]
  0x000000001e82e800 JavaThread "http-nio-8090-exec-6" daemon [_thread_blocked, id=8160, stack(0x0000000022cb0000,0x0000000022db0000)]
  0x000000001e831800 JavaThread "http-nio-8090-exec-5" daemon [_thread_blocked, id=8328, stack(0x0000000022bb0000,0x0000000022cb0000)]
  0x000000001e82d800 JavaThread "http-nio-8090-exec-4" daemon [_thread_blocked, id=3944, stack(0x0000000022ab0000,0x0000000022bb0000)]
  0x000000001e830800 JavaThread "http-nio-8090-exec-3" daemon [_thread_blocked, id=9108, stack(0x00000000229b0000,0x0000000022ab0000)]
  0x000000001e82f000 JavaThread "http-nio-8090-exec-2" daemon [_thread_blocked, id=7656, stack(0x00000000228b0000,0x00000000229b0000)]
  0x000000001e830000 JavaThread "http-nio-8090-exec-1" daemon [_thread_blocked, id=5316, stack(0x00000000227b0000,0x00000000228b0000)]
  0x000000001f148000 JavaThread "http-nio-8090-BlockPoller" daemon [_thread_in_native, id=4032, stack(0x0000000022170000,0x0000000022270000)]
  0x000000001f147000 JavaThread "Live Reload Server" daemon [_thread_in_native, id=7376, stack(0x0000000022270000,0x0000000022370000)]
  0x000000001f143800 JavaThread "File Watcher" daemon [_thread_blocked, id=6272, stack(0x0000000021310000,0x0000000021410000)]
  0x000000001f142800 JavaThread "HikariPool-1 housekeeper" daemon [_thread_blocked, id=5616, stack(0x0000000021210000,0x0000000021310000)]
  0x000000001f142000 JavaThread "PostgreSQL-JDBC-SharedTimer-1" daemon [_thread_blocked, id=2752, stack(0x0000000021110000,0x0000000021210000)]
  0x000000001f145000 JavaThread "container-0" [_thread_blocked, id=8252, stack(0x000000001f8d0000,0x000000001f9d0000)]
  0x000000001f144000 JavaThread "Catalina-utility-2" [_thread_blocked, id=4840, stack(0x000000001f7d0000,0x000000001f8d0000)]
  0x000000001f141000 JavaThread "Catalina-utility-1" [_thread_blocked, id=6536, stack(0x000000001ae80000,0x000000001af80000)]
  0x00000000191f2800 JavaThread "Service Thread" daemon [_thread_blocked, id=2168, stack(0x00000000199a0000,0x0000000019aa0000)]
  0x0000000018d9a800 JavaThread "C1 CompilerThread2" daemon [_thread_blocked, id=5012, stack(0x00000000190a0000,0x00000000191a0000)]
=>0x0000000018d82000 JavaThread "C2 CompilerThread1" daemon [_thread_in_native, id=8400, stack(0x0000000018fa0000,0x00000000190a0000)]
  0x0000000018cd0000 JavaThread "C2 CompilerThread0" daemon [_thread_in_native, id=8072, stack(0x0000000018ea0000,0x0000000018fa0000)]
  0x0000000018d2a800 JavaThread "Monitor Ctrl-Break" daemon [_thread_in_native, id=8176, stack(0x0000000018da0000,0x0000000018ea0000)]
  0x0000000017351000 JavaThread "Attach Listener" daemon [_thread_blocked, id=5520, stack(0x00000000188a0000,0x00000000189a0000)]
  0x0000000017350000 JavaThread "Signal Dispatcher" daemon [_thread_blocked, id=3724, stack(0x00000000187a0000,0x00000000188a0000)]
  0x00000000027da000 JavaThread "Finalizer" daemon [_thread_blocked, id=6872, stack(0x00000000185a0000,0x00000000186a0000)]
  0x00000000027d7000 JavaThread "Reference Handler" daemon [_thread_blocked, id=200, stack(0x00000000184a0000,0x00000000185a0000)]

Other Threads:
  0x0000000017307000 VMThread [stack: 0x00000000183a0000,0x00000000184a0000] [id=8488]
  0x00000000191f9800 WatcherThread [stack: 0x0000000019aa0000,0x0000000019ba0000] [id=5552]

VM state:not at safepoint (normal execution)

VM Mutex/Monitor currently owned by a thread: None

Heap:
 PSYoungGen      total 326656K, used 15614K [0x00000000d5d00000, 0x00000000eb200000, 0x0000000100000000)
  eden space 309248K, 5% used [0x00000000d5d00000,0x00000000d6c3fa60,0x00000000e8b00000)
  from space 17408K, 0% used [0x00000000e9000000,0x00000000e9000000,0x00000000ea100000)
  to   space 12288K, 0% used [0x00000000ea600000,0x00000000ea600000,0x00000000eb200000)
 ParOldGen       total 100352K, used 20034K [0x0000000081600000, 0x0000000087800000, 0x00000000d5d00000)
  object space 100352K, 19% used [0x0000000081600000,0x0000000082990bf8,0x0000000087800000)
 Metaspace       used 57042K, capacity 60004K, committed 60376K, reserved 1101824K
  class space    used 7839K, capacity 8338K, committed 8448K, reserved 1048576K

Card table byte_map: [0x0000000011ba0000,0x0000000011fa0000] byte_map_base: 0x0000000011795000

Marking Bits: (ParMarkBitMap*) 0x0000000058173e30
 Begin Bits: [0x0000000012650000, 0x00000000145f8000)
 End Bits:   [0x00000000145f8000, 0x00000000165a0000)

Polling page: 0x00000000023f0000

CodeCache: size=245760Kb used=12673Kb max_used=13356Kb free=233086Kb
 bounds [0x00000000027e0000, 0x0000000003530000, 0x00000000117e0000]
 total_blobs=4601 nmethods=4074 adapters=438
 compilation: enabled

Compilation events (10 events):
Event: 49.790 Thread 0x0000000018d9a800 4716       3       java.nio.StringCharBuffer::get (19 bytes)
Event: 49.790 Thread 0x0000000018d9a800 nmethod 4716 0x0000000003151410 code [0x00000000031515a0, 0x0000000003151978]
Event: 49.810 Thread 0x0000000018d9a800 4717       3       org.apache.tomcat.util.buf.AbstractChunk::recycle (21 bytes)
Event: 49.811 Thread 0x0000000018d9a800 nmethod 4717 0x0000000002a3ccd0 code [0x0000000002a3ce20, 0x0000000002a3cf90]
Event: 50.025 Thread 0x0000000018cd0000 nmethod 4669 0x0000000003459690 code [0x0000000003459b80, 0x000000000345f2d8]
Event: 50.026 Thread 0x0000000018cd0000 4707       4       java.lang.Character::isWhitespace (5 bytes)
Event: 50.029 Thread 0x0000000018cd0000 nmethod 4707 0x0000000003459090 code [0x00000000034592a0, 0x00000000034593d8]
Event: 50.029 Thread 0x0000000018cd0000 4666   !   4       java.net.URLClassLoader$1::run (63 bytes)
Event: 50.124 Thread 0x0000000018d9a800 4718   !   3       sun.nio.ch.WindowsSelectorImpl$SubSelector::processFDSet (374 bytes)
Event: 50.129 Thread 0x0000000018d9a800 nmethod 4718 0x0000000002a88810 code [0x0000000002a88b00, 0x0000000002a8a508]

GC Heap History (10 events):
Event: 8.274 GC heap before
{Heap before GC invocations=10 (full 1):
 PSYoungGen      total 238592K, used 54053K [0x00000000d5d00000, 0x00000000e5580000, 0x0000000100000000)
  eden space 228352K, 19% used [0x00000000d5d00000,0x00000000d87ca1e0,0x00000000e3c00000)
  from space 10240K, 99% used [0x00000000e4b80000,0x00000000e557f598,0x00000000e5580000)
  to   space 11776K, 0% used [0x00000000e3e80000,0x00000000e3e80000,0x00000000e4a00000)
 ParOldGen       total 49152K, used 5692K [0x0000000081600000, 0x0000000084600000, 0x00000000d5d00000)
  object space 49152K, 11% used [0x0000000081600000,0x0000000081b8f000,0x0000000084600000)
 Metaspace       used 33536K, capacity 35286K, committed 35416K, reserved 1079296K
  class space    used 4359K, capacity 4689K, committed 4736K, reserved 1048576K
Event: 8.292 GC heap after
Heap after GC invocations=10 (full 1):
 PSYoungGen      total 242688K, used 8306K [0x00000000d5d00000, 0x00000000eb200000, 0x0000000100000000)
  eden space 230912K, 0% used [0x00000000d5d00000,0x00000000d5d00000,0x00000000e3e80000)
  from space 11776K, 70% used [0x00000000e3e80000,0x00000000e469c9b0,0x00000000e4a00000)
  to   space 12288K, 0% used [0x00000000ea600000,0x00000000ea600000,0x00000000eb200000)
 ParOldGen       total 49152K, used 5700K [0x0000000081600000, 0x0000000084600000, 0x00000000d5d00000)
  object space 49152K, 11% used [0x0000000081600000,0x0000000081b91000,0x0000000084600000)
 Metaspace       used 33536K, capacity 35286K, committed 35416K, reserved 1079296K
  class space    used 4359K, capacity 4689K, committed 4736K, reserved 1048576K
}
Event: 8.292 GC heap before
{Heap before GC invocations=11 (full 2):
 PSYoungGen      total 242688K, used 8306K [0x00000000d5d00000, 0x00000000eb200000, 0x0000000100000000)
  eden space 230912K, 0% used [0x00000000d5d00000,0x00000000d5d00000,0x00000000e3e80000)
  from space 11776K, 70% used [0x00000000e3e80000,0x00000000e469c9b0,0x00000000e4a00000)
  to   space 12288K, 0% used [0x00000000ea600000,0x00000000ea600000,0x00000000eb200000)
 ParOldGen       total 49152K, used 5700K [0x0000000081600000, 0x0000000084600000, 0x00000000d5d00000)
  object space 49152K, 11% used [0x0000000081600000,0x0000000081b91000,0x0000000084600000)
 Metaspace       used 33536K, capacity 35286K, committed 35416K, reserved 1079296K
  class space    used 4359K, capacity 4689K, committed 4736K, reserved 1048576K
Event: 8.448 GC heap after
Heap after GC invocations=11 (full 2):
 PSYoungGen      total 242688K, used 0K [0x00000000d5d00000, 0x00000000eb200000, 0x0000000100000000)
  eden space 230912K, 0% used [0x00000000d5d00000,0x00000000d5d00000,0x00000000e3e80000)
  from space 11776K, 0% used [0x00000000e3e80000,0x00000000e3e80000,0x00000000e4a00000)
  to   space 12288K, 0% used [0x00000000ea600000,0x00000000ea600000,0x00000000eb200000)
 ParOldGen       total 71680K, used 12291K [0x0000000081600000, 0x0000000085c00000, 0x00000000d5d00000)
  object space 71680K, 17% used [0x0000000081600000,0x0000000082200d10,0x0000000085c00000)
 Metaspace       used 33536K, capacity 35286K, committed 35416K, reserved 1079296K
  class space    used 4359K, capacity 4689K, committed 4736K, reserved 1048576K
}
Event: 14.002 GC heap before
{Heap before GC invocations=12 (full 2):
 PSYoungGen      total 242688K, used 230912K [0x00000000d5d00000, 0x00000000eb200000, 0x0000000100000000)
  eden space 230912K, 100% used [0x00000000d5d00000,0x00000000e3e80000,0x00000000e3e80000)
  from space 11776K, 0% used [0x00000000e3e80000,0x00000000e3e80000,0x00000000e4a00000)
  to   space 12288K, 0% used [0x00000000ea600000,0x00000000ea600000,0x00000000eb200000)
 ParOldGen       total 71680K, used 12291K [0x0000000081600000, 0x0000000085c00000, 0x00000000d5d00000)
  object space 71680K, 17% used [0x0000000081600000,0x0000000082200d10,0x0000000085c00000)
 Metaspace       used 53156K, capacity 56010K, committed 56280K, reserved 1097728K
  class space    used 7348K, capacity 7823K, committed 7936K, reserved 1048576K
Event: 14.058 GC heap after
Heap after GC invocations=12 (full 2):
 PSYoungGen      total 321536K, used 12286K [0x00000000d5d00000, 0x00000000eb200000, 0x0000000100000000)
  eden space 309248K, 0% used [0x00000000d5d00000,0x00000000d5d00000,0x00000000e8b00000)
  from space 12288K, 99% used [0x00000000ea600000,0x00000000eb1ff890,0x00000000eb200000)
  to   space 17408K, 0% used [0x00000000e9000000,0x00000000e9000000,0x00000000ea100000)
 ParOldGen       total 71680K, used 22447K [0x0000000081600000, 0x0000000085c00000, 0x00000000d5d00000)
  object space 71680K, 31% used [0x0000000081600000,0x0000000082bebeb8,0x0000000085c00000)
 Metaspace       used 53156K, capacity 56010K, committed 56280K, reserved 1097728K
  class space    used 7348K, capacity 7823K, committed 7936K, reserved 1048576K
}
Event: 48.585 GC heap before
{Heap before GC invocations=13 (full 2):
 PSYoungGen      total 321536K, used 50601K [0x00000000d5d00000, 0x00000000eb200000, 0x0000000100000000)
  eden space 309248K, 12% used [0x00000000d5d00000,0x00000000d826ae68,0x00000000e8b00000)
  from space 12288K, 99% used [0x00000000ea600000,0x00000000eb1ff890,0x00000000eb200000)
  to   space 17408K, 0% used [0x00000000e9000000,0x00000000e9000000,0x00000000ea100000)
 ParOldGen       total 71680K, used 22447K [0x0000000081600000, 0x0000000085c00000, 0x00000000d5d00000)
  object space 71680K, 31% used [0x0000000081600000,0x0000000082bebeb8,0x0000000085c00000)
 Metaspace       used 56061K, capacity 58950K, committed 59028K, reserved 1099776K
  class space    used 7689K, capacity 8165K, committed 8192K, reserved 1048576K
Event: 48.624 GC heap after
Heap after GC invocations=13 (full 2):
 PSYoungGen      total 326656K, used 3169K [0x00000000d5d00000, 0x00000000eb200000, 0x0000000100000000)
  eden space 309248K, 0% used [0x00000000d5d00000,0x00000000d5d00000,0x00000000e8b00000)
  from space 17408K, 18% used [0x00000000e9000000,0x00000000e9318548,0x00000000ea100000)
  to   space 12288K, 0% used [0x00000000ea600000,0x00000000ea600000,0x00000000eb200000)
 ParOldGen       total 71680K, used 29941K [0x0000000081600000, 0x0000000085c00000, 0x00000000d5d00000)
  object space 71680K, 41% used [0x0000000081600000,0x000000008333d520,0x0000000085c00000)
 Metaspace       used 56061K, capacity 58950K, committed 59028K, reserved 1099776K
  class space    used 7689K, capacity 8165K, committed 8192K, reserved 1048576K
}
Event: 48.624 GC heap before
{Heap before GC invocations=14 (full 3):
 PSYoungGen      total 326656K, used 3169K [0x00000000d5d00000, 0x00000000eb200000, 0x0000000100000000)
  eden space 309248K, 0% used [0x00000000d5d00000,0x00000000d5d00000,0x00000000e8b00000)
  from space 17408K, 18% used [0x00000000e9000000,0x00000000e9318548,0x00000000ea100000)
  to   space 12288K, 0% used [0x00000000ea600000,0x00000000ea600000,0x00000000eb200000)
 ParOldGen       total 71680K, used 29941K [0x0000000081600000, 0x0000000085c00000, 0x00000000d5d00000)
  object space 71680K, 41% used [0x0000000081600000,0x000000008333d520,0x0000000085c00000)
 Metaspace       used 56061K, capacity 58950K, committed 59028K, reserved 1099776K
  class space    used 7689K, capacity 8165K, committed 8192K, reserved 1048576K
Event: 49.118 GC heap after
Heap after GC invocations=14 (full 3):
 PSYoungGen      total 326656K, used 0K [0x00000000d5d00000, 0x00000000eb200000, 0x0000000100000000)
  eden space 309248K, 0% used [0x00000000d5d00000,0x00000000d5d00000,0x00000000e8b00000)
  from space 17408K, 0% used [0x00000000e9000000,0x00000000e9000000,0x00000000ea100000)
  to   space 12288K, 0% used [0x00000000ea600000,0x00000000ea600000,0x00000000eb200000)
 ParOldGen       total 100352K, used 20034K [0x0000000081600000, 0x0000000087800000, 0x00000000d5d00000)
  object space 100352K, 19% used [0x0000000081600000,0x0000000082990bf8,0x0000000087800000)
 Metaspace       used 56061K, capacity 58950K, committed 59028K, reserved 1099776K
  class space    used 7689K, capacity 8165K, committed 8192K, reserved 1048576K
}

Deoptimization events (10 events):
Event: 39.302 Thread 0x000000001e830000 Uncommon trap: reason=unstable_if action=reinterpret pc=0x000000000294b470 method=java.util.regex.Pattern$LastNode.match(Ljava/util/regex/Matcher;ILjava/lang/CharSequence;)Z @ 13
Event: 39.466 Thread 0x000000001e830000 Uncommon trap: reason=class_check action=maybe_recompile pc=0x00000000034f9a3c method=org.springframework.core.annotation.AnnotationsScanner.processMethodHierarchy(Ljava/lang/Object;[ILjava/lang/Class;Lorg/springframework/core/annotation/AnnotationsProces
Event: 39.467 Thread 0x000000001e830000 Uncommon trap: reason=class_check action=maybe_recompile pc=0x00000000034f9a3c method=org.springframework.core.annotation.AnnotationsScanner.processMethodHierarchy(Ljava/lang/Object;[ILjava/lang/Class;Lorg/springframework/core/annotation/AnnotationsProces
Event: 39.468 Thread 0x000000001e830000 Uncommon trap: reason=class_check action=maybe_recompile pc=0x00000000034f9a3c method=org.springframework.core.annotation.AnnotationsScanner.processMethodHierarchy(Ljava/lang/Object;[ILjava/lang/Class;Lorg/springframework/core/annotation/AnnotationsProces
Event: 39.469 Thread 0x000000001e830000 Uncommon trap: reason=class_check action=maybe_recompile pc=0x00000000034f9a3c method=org.springframework.core.annotation.AnnotationsScanner.processMethodHierarchy(Ljava/lang/Object;[ILjava/lang/Class;Lorg/springframework/core/annotation/AnnotationsProces
Event: 48.400 Thread 0x000000001e831800 Uncommon trap: reason=unstable_if action=reinterpret pc=0x000000000319d6a4 method=java.util.StringTokenizer.scanToken(I)I @ 96
Event: 48.552 Thread 0x000000001e831800 Uncommon trap: reason=unstable_if action=reinterpret pc=0x00000000028e5a00 method=java.lang.CharacterData.of(I)Ljava/lang/CharacterData; @ 4
Event: 48.569 Thread 0x000000001e831800 Uncommon trap: reason=unstable_if action=reinterpret pc=0x00000000028e78e8 method=java.util.regex.Pattern$BmpCharProperty.match(Ljava/util/regex/Matcher;ILjava/lang/CharSequence;)Z @ 34
Event: 49.118 Thread 0x00000000027d7000 Uncommon trap: reason=unstable_if action=reinterpret pc=0x0000000002989fb8 method=java.lang.ref.Reference.tryHandlePending(Z)Z @ 20
Event: 49.617 Thread 0x000000001e831800 Uncommon trap: reason=unstable_if action=reinterpret pc=0x00000000032306f0 method=org.postgresql.core.OptimizedUTF8Encoder.charDecode([BII)Ljava/lang/String; @ 29

Classes redefined (0 events):
No events

Internal exceptions (10 events):
Event: 12.076 Thread 0x0000000019dc0800 Exception <a 'java/lang/ClassNotFoundException': org/springframework/boot/autoconfigure/web/servlet/WebMvcAutoConfiguration$EnableWebMvcConfigurationCustomizer> (0x00000000e09b6928) thrown at [C:\re\workspace\8-2-build-windows-amd64-cygwin\jdk8u191\11896\
Event: 12.078 Thread 0x0000000019dc0800 Exception <a 'java/lang/ClassNotFoundException': org/springframework/context/ResourceLoaderAwareCustomizer> (0x00000000e09df6b8) thrown at [C:\re\workspace\8-2-build-windows-amd64-cygwin\jdk8u191\11896\hotspot\src\share\vm\classfile\systemDictionary.cpp, 
Event: 12.079 Thread 0x0000000019dc0800 Exception <a 'java/lang/ClassNotFoundException': org/springframework/beans/factory/AwareCustomizer> (0x00000000e09f5cf8) thrown at [C:\re\workspace\8-2-build-windows-amd64-cygwin\jdk8u191\11896\hotspot\src\share\vm\classfile\systemDictionary.cpp, line 210
Event: 12.080 Thread 0x0000000019dc0800 Exception <a 'java/lang/ClassNotFoundException': org/springframework/context/ApplicationContextAwareCustomizer> (0x00000000e0a0eba0) thrown at [C:\re\workspace\8-2-build-windows-amd64-cygwin\jdk8u191\11896\hotspot\src\share\vm\classfile\systemDictionary.c
Event: 12.081 Thread 0x0000000019dc0800 Exception <a 'java/lang/ClassNotFoundException': org/springframework/beans/factory/AwareCustomizer> (0x00000000e0a257e8) thrown at [C:\re\workspace\8-2-build-windows-amd64-cygwin\jdk8u191\11896\hotspot\src\share\vm\classfile\systemDictionary.cpp, line 210
Event: 12.082 Thread 0x0000000019dc0800 Exception <a 'java/lang/ClassNotFoundException': org/springframework/web/context/ServletContextAwareCustomizer> (0x00000000e0a3e688) thrown at [C:\re\workspace\8-2-build-windows-amd64-cygwin\jdk8u191\11896\hotspot\src\share\vm\classfile\systemDictionary.c
Event: 12.083 Thread 0x0000000019dc0800 Exception <a 'java/lang/ClassNotFoundException': org/springframework/beans/factory/AwareCustomizer> (0x00000000e0a54d40) thrown at [C:\re\workspace\8-2-build-windows-amd64-cygwin\jdk8u191\11896\hotspot\src\share\vm\classfile\systemDictionary.cpp, line 210
Event: 12.589 Thread 0x0000000019dc0800 Exception <a 'java/lang/IncompatibleClassChangeError': Found class java.lang.Object, but interface was expected> (0x00000000e215ded8) thrown at [C:\re\workspace\8-2-build-windows-amd64-cygwin\jdk8u191\11896\hotspot\src\share\vm\interpreter\linkResolver.cp
Event: 49.521 Thread 0x000000001e831800 Exception <a 'java/lang/NoSuchMethodError': java.lang.Object.lambda$mapIfAllPresent$6(Ljava/util/Optional;Ljava/util/function/BiFunction;Ljava/lang/Object;)Ljava/util/Optional;> (0x00000000d66f5ae8) thrown at [C:\re\workspace\8-2-build-windows-amd64-cygwi
Event: 49.522 Thread 0x000000001e831800 Exception <a 'java/lang/NoSuchMethodError': java.lang.Object.lambda$null$5(Ljava/util/function/BiFunction;Ljava/lang/Object;Ljava/lang/Object;)Ljava/lang/Object;> (0x00000000d66fa590) thrown at [C:\re\workspace\8-2-build-windows-amd64-cygwin\jdk8u191\1189

Events (10 events):
Event: 49.804 loading class org/hibernate/collection/spi/PersistentCollection
Event: 49.805 loading class org/hibernate/collection/spi/PersistentCollection done
Event: 49.805 loading class org/hibernate/engine/spi/SharedSessionContractImplementor
Event: 49.805 loading class org/hibernate/engine/spi/SharedSessionContractImplementor done
Event: 49.805 loading class org/hibernate/internal/util/collections/IdentityMap$IdentityKey
Event: 49.805 loading class org/hibernate/internal/util/collections/IdentityMap$IdentityKey done
Event: 49.826 Executing VM operation: RevokeBias
Event: 49.826 Executing VM operation: RevokeBias done
Event: 49.826 Executing VM operation: RevokeBias
Event: 49.827 Executing VM operation: RevokeBias done


Dynamic libraries:
0x00007ff6ef130000 - 0x00007ff6ef167000 	C:\Program Files\Java\jdk1.8.0_191\bin\java.exe
0x00007fff54560000 - 0x00007fff5470d000 	C:\Windows\SYSTEM32\ntdll.dll
0x00007fff53ca0000 - 0x00007fff53dde000 	C:\Windows\system32\KERNEL32.DLL
0x00007fff51ad0000 - 0x00007fff51be6000 	C:\Windows\system32\KERNELBASE.dll
0x00007fff50030000 - 0x00007fff500be000 	C:\Windows\system32\apphelp.dll
0x00007fff2afd0000 - 0x00007fff2b023000 	C:\Windows\AppPatch\AppPatch64\AcGenral.DLL
0x00007fff53580000 - 0x00007fff5362a000 	C:\Windows\system32\msvcrt.dll
0x00007fff51a50000 - 0x00007fff51a7e000 	C:\Windows\system32\SspiCli.dll
0x00007fff53450000 - 0x00007fff534a4000 	C:\Windows\system32\SHLWAPI.dll
0x00007fff539c0000 - 0x00007fff53b37000 	C:\Windows\system32\USER32.dll
0x00007fff51cc0000 - 0x00007fff51e54000 	C:\Windows\system32\ole32.dll
0x00007fff51f20000 - 0x00007fff5344c000 	C:\Windows\system32\SHELL32.dll
0x00007fff50c50000 - 0x00007fff50c71000 	C:\Windows\SYSTEM32\USERENV.dll
0x00007fff51e70000 - 0x00007fff51f1a000 	C:\Windows\system32\ADVAPI32.dll
0x00007fff43390000 - 0x00007fff433ae000 	C:\Windows\SYSTEM32\MPR.dll
0x00007fff54230000 - 0x00007fff54370000 	C:\Windows\system32\RPCRT4.dll
0x00007fff53710000 - 0x00007fff53769000 	C:\Windows\SYSTEM32\sechost.dll
0x00007fff53de0000 - 0x00007fff53ff2000 	C:\Windows\SYSTEM32\combase.dll
0x00007fff540d0000 - 0x00007fff5421b000 	C:\Windows\system32\GDI32.dll
0x00007fff51690000 - 0x00007fff516a5000 	C:\Windows\SYSTEM32\profapi.dll
0x00007fff4f6f0000 - 0x00007fff4f7a2000 	C:\Windows\SYSTEM32\SHCORE.dll
0x00007fff54370000 - 0x00007fff543a6000 	C:\Windows\system32\IMM32.DLL
0x00007fff53b40000 - 0x00007fff53c91000 	C:\Windows\system32\MSCTF.dll
0x00007fff4ea50000 - 0x00007fff4eccb000 	C:\Windows\WinSxS\amd64_microsoft.windows.common-controls_6595b64144ccf1df_6.0.9600.18006_none_623f33d3ecbe86e8\COMCTL32.dll
0x0000000058200000 - 0x00000000582d2000 	C:\Program Files\Java\jdk1.8.0_191\jre\bin\msvcr100.dll
0x0000000057950000 - 0x00000000581f4000 	C:\Program Files\Java\jdk1.8.0_191\jre\bin\server\jvm.dll
0x00007fff4bcc0000 - 0x00007fff4bcc9000 	C:\Windows\SYSTEM32\WSOCK32.dll
0x00007fff43350000 - 0x00007fff43372000 	C:\Windows\SYSTEM32\WINMM.dll
0x00007fff4e5a0000 - 0x00007fff4e5aa000 	C:\Windows\SYSTEM32\VERSION.dll
0x00007fff534b0000 - 0x00007fff534b7000 	C:\Windows\system32\PSAPI.DLL
0x00007fff53770000 - 0x00007fff537ca000 	C:\Windows\system32\WS2_32.dll
0x00007fff43320000 - 0x00007fff4334a000 	C:\Windows\SYSTEM32\WINMMBASE.dll
0x00007fff51e60000 - 0x00007fff51e69000 	C:\Windows\system32\NSI.dll
0x00007fff51a80000 - 0x00007fff51acf000 	C:\Windows\SYSTEM32\cfgmgr32.dll
0x00007fff504a0000 - 0x00007fff504c8000 	C:\Windows\SYSTEM32\DEVOBJ.dll
0x0000000057940000 - 0x000000005794f000 	C:\Program Files\Java\jdk1.8.0_191\jre\bin\verify.dll
0x0000000057910000 - 0x0000000057939000 	C:\Program Files\Java\jdk1.8.0_191\jre\bin\java.dll
0x0000000057870000 - 0x0000000057893000 	C:\Program Files\Java\jdk1.8.0_191\jre\bin\instrument.dll
0x00000000578f0000 - 0x0000000057906000 	C:\Program Files\Java\jdk1.8.0_191\jre\bin\zip.dll
0x00007fff42530000 - 0x00007fff4254a000 	C:\Program Files\JetBrains\IntelliJ IDEA Community Edition 2019.2.2\bin\breakgen64.dll
0x00000000578d0000 - 0x00000000578ea000 	C:\Program Files\Java\jdk1.8.0_191\jre\bin\net.dll
0x00007fff50f20000 - 0x00007fff50f79000 	C:\Windows\system32\mswsock.dll
0x00000000578a0000 - 0x00000000578ad000 	C:\Program Files\Java\jdk1.8.0_191\jre\bin\management.dll
0x00007fff43af0000 - 0x00007fff43b05000 	C:\Windows\system32\napinsp.dll
0x00007fff43b10000 - 0x00007fff43b2a000 	C:\Windows\system32\pnrpnsp.dll
0x00007fff4fe10000 - 0x00007fff4fe2b000 	C:\Windows\system32\NLAapi.dll
0x00007fff50d20000 - 0x00007fff50dc4000 	C:\Windows\SYSTEM32\DNSAPI.dll
0x00007fff43b30000 - 0x00007fff43b3d000 	C:\Windows\System32\winrnr.dll
0x00007fff44200000 - 0x00007fff4420a000 	C:\Windows\System32\rasadhlp.dll
0x00007fff4bc90000 - 0x00007fff4bcba000 	C:\Windows\SYSTEM32\IPHLPAPI.DLL
0x00007fff4bc80000 - 0x00007fff4bc8a000 	C:\Windows\SYSTEM32\WINNSI.DLL
0x00007fff4b0c0000 - 0x00007fff4b12b000 	C:\Windows\System32\fwpuclnt.dll
0x00000000578b0000 - 0x00000000578c1000 	C:\Program Files\Java\jdk1.8.0_191\jre\bin\nio.dll
0x00007fff50f80000 - 0x00007fff50fa0000 	C:\Windows\SYSTEM32\CRYPTSP.dll
0x00007fff50b40000 - 0x00007fff50b76000 	C:\Windows\system32\rsaenh.dll
0x00007fff512d0000 - 0x00007fff512f6000 	C:\Windows\SYSTEM32\bcrypt.dll
0x00007fff51560000 - 0x00007fff515c3000 	C:\Windows\system32\bcryptprimitives.dll
0x00007fff515d0000 - 0x00007fff515db000 	C:\Windows\SYSTEM32\CRYPTBASE.dll
0x00007fff4ac80000 - 0x00007fff4ac96000 	C:\Windows\SYSTEM32\dhcpcsvc6.DLL
0x00007fff4b2c0000 - 0x00007fff4b2da000 	C:\Windows\SYSTEM32\dhcpcsvc.DLL

VM Arguments:
jvm_args: -javaagent:C:\Program Files\JetBrains\IntelliJ IDEA Community Edition 2019.2.2\lib\idea_rt.jar=51185:C:\Program Files\JetBrains\IntelliJ IDEA Community Edition 2019.2.2\bin -Dfile.encoding=UTF-8 
java_command: com.jerome.applicationachat.ApplicationAchatApplication
java_class_path (initial): C:\Program Files\Java\jdk1.8.0_191\jre\lib\charsets.jar;C:\Program Files\Java\jdk1.8.0_191\jre\lib\deploy.jar;C:\Program Files\Java\jdk1.8.0_191\jre\lib\ext\access-bridge-64.jar;C:\Program Files\Java\jdk1.8.0_191\jre\lib\ext\cldrdata.jar;C:\Program Files\Java\jdk1.8.0_191\jre\lib\ext\dnsns.jar;C:\Program Files\Java\jdk1.8.0_191\jre\lib\ext\jaccess.jar;C:\Program Files\Java\jdk1.8.0_191\jre\lib\ext\jfxrt.jar;C:\Program Files\Java\jdk1.8.0_191\jre\lib\ext\localedata.jar;C:\Program Files\Java\jdk1.8.0_191\jre\lib\ext\nashorn.jar;C:\Program Files\Java\jdk1.8.0_191\jre\lib\ext\sunec.jar;C:\Program Files\Java\jdk1.8.0_191\jre\lib\ext\sunjce_provider.jar;C:\Program Files\Java\jdk1.8.0_191\jre\lib\ext\sunmscapi.jar;C:\Program Files\Java\jdk1.8.0_191\jre\lib\ext\sunpkcs11.jar;C:\Program Files\Java\jdk1.8.0_191\jre\lib\ext\zipfs.jar;C:\Program Files\Java\jdk1.8.0_191\jre\lib\javaws.jar;C:\Program Files\Java\jdk1.8.0_191\jre\lib\jce.jar;C:\Program Files\Java\jdk1.8.0_191\jre\lib\jfr.jar;C:\Program Files\Java\jdk1.8.0_191\jre\lib\jfxswt.jar;C:\Program Files\Java\jdk1.8.0_191\jre\lib\jsse.jar;C:\Program Files\Java\jdk1.8.0_191\jre\lib\management-agent.jar;C:\Program Files\Java\jdk1.8.0_191\jre\lib\plugin.jar;C:\Program Files\Java\jdk1.8.0_191\jre\lib\resources.jar;C:\Program Files\Java\jdk1.8.0_191\jre\lib\rt.jar;C:\Users\dongm_000\Desktop\formation Generale\Java\application-achat\target\classes;C:\Users\dongm_000\.m2\repository\org\springframework\boot\spring-boot-starter-data-jpa\2.2.5.RELEASE\spring-boot-starter-data-jpa-2.2.5.RELEASE.jar;C:\Users\dongm_000\.m2\repository\org\springframework\boot\spring-boot-starter-aop\2.2.5.RELEASE\spring-boot-starter-aop-2.2.5.RELEASE.jar;C:\Users\dongm_000\.m2\repository\org\springframework\spring-aop\5.2.4.RELEASE\spring-aop-5.2.4.RELEASE.jar;C:\Users\dongm_000\.m2\repository\org\aspectj\aspectjweaver\1.9.5\aspectjweaver-1.9.5.jar;C:\Users\dongm_000\.m2\repository\org\springframework\boot\spring-boot-starter-
Launcher Type: SUN_STANDARD

Environment Variables:
PATH=C:\Program Files (x86)\Common Files\Oracle\Java\javapath;C:\ProgramData\Oracle\Java\javapath;C:\Windows\system32;C:\Windows;C:\Windows\System32\Wbem;C:\Windows\System32\WindowsPowerShell\v1.0\;C:\Users\dongm_000\Desktop\apache-maven-3.0.5-bin\apache-maven-3.0.5\bin;C:\Program Files\Java\jdk1.8.0_191\bin;C:\Program Files\dotnet\;C:\Program Files (x86)\Yarn\bin\;C:\Program Files\Git\cmd;C:\Program Files\nodejs\;C:\Program Files (x86)\Common Files\Oracle\Java\javapath;C:\ProgramData\Oracle\Java\javapath;C:\Windows\system32;C:\Windows;C:\Windows\System32\Wbem;C:\Windows\System32\WindowsPowerShell\v1.0\;C:\Users\dongm_000\Desktop\apache-maven-3.0.5-bin\apache-maven-3.0.5\bin;C:\Program Files\nodejs\;C:\Program Files\Java\jdk1.8.0_191\bin;C:\Program Files\dotnet\;C:\Program Files\Microsoft SQL Server\130\Tools\Binn\;C:\Program Files (x86)\Microsoft VS Code\bin;C:\Program Files (x86)\Yarn\bin\;C:\Program Files\Git\cmd;C:\Users\dongm_000\AppData\Local\Yarn\bin;C:\Users\dongm_000\AppData\Roaming\npm
USERNAME=jerome
OS=Windows_NT
PROCESSOR_IDENTIFIER=Intel64 Family 6 Model 69 Stepping 1, GenuineIntel



---------------  S Y S T E M  ---------------

OS: Windows 8.1 , 64 bit Build 9600 (6.3.9600.17415)

CPU:total 4 (initial active 4) (2 cores per cpu, 2 threads per core) family 6 model 69 stepping 1, cmov, cx8, fxsr, mmx, sse, sse2, sse3, ssse3, sse4.1, sse4.2, popcnt, avx, avx2, aes, clmul, erms, lzcnt, ht, tsc, tscinvbit, bmi1, bmi2

Memory: 4k page, physical 8290328k(1245544k free), swap 8814616k(5312k free)

vm_info: Java HotSpot(TM) 64-Bit Server VM (25.191-b12) for windows-amd64 JRE (1.8.0_191-b12), built on Oct  6 2018 09:29:03 by "java_re" with MS VC++ 10.0 (VS2010)

time: Fri Mar 27 18:52:06 2020
elapsed time: 50 seconds (0d 0h 0m 50s)

